<?xml version="1.0" encoding="UTF-8"?>
<!-- Generated by org.testng.reporters.JUnitReportReporter -->
<testsuite hostname="Loving-Husband" failures="0" tests="1" name="testCases.LoginTest" time="3.392" errors="0" timestamp="2024-04-13T03:25:05 EET" skipped="0">
  <testcase classname="testCases.LoginTest" name="login" time="3.392"/>
</testsuite> <!-- testCases.LoginTest -->
